# JRE version: Java(TM) SE Runtime Environment (8.0_221-b11) (build 1.8.0_221-b11)
# Java VM: Java HotSpot(TM) 64-Bit Server VM (25.221-b11 mixed mode windows-amd64 compressed oops)
Heap:
 PSYoungGen      total 76288K, used 43813K [0x000000076b180000, 0x0000000770680000, 0x00000007c0000000)
  eden space 65536K, 66% used [0x000000076b180000,0x000000076dc49510,0x000000076f180000)
  from space 10752K, 0% used [0x000000076f180000,0x000000076f180000,0x000000076fc00000)
  to   space 10752K, 0% used [0x000000076fc00000,0x000000076fc00000,0x0000000770680000)
 ParOldGen       total 81920K, used 12460K [0x00000006c1400000, 0x00000006c6400000, 0x000000076b180000)
  object space 81920K, 15% used [0x00000006c1400000,0x00000006c202b158,0x00000006c6400000)
 Metaspace       used 23972K, capacity 25198K, committed 25344K, reserved 1071104K
  class space    used 3235K, capacity 3500K, committed 3584K, reserved 1048576K
GC Heap History (4 events):
Event: 7.925 GC heap before
{Heap before GC invocations=1 (full 0):
 PSYoungGen      total 76288K, used 54717K [0x000000076b180000, 0x0000000770680000, 0x00000007c0000000)
  eden space 65536K, 83% used [0x000000076b180000,0x000000076e6ef6c0,0x000000076f180000)
  from space 10752K, 0% used [0x000000076fc00000,0x000000076fc00000,0x0000000770680000)
  to   space 10752K, 0% used [0x000000076f180000,0x000000076f180000,0x000000076fc00000)
 ParOldGen       total 175104K, used 0K [0x00000006c1400000, 0x00000006cbf00000, 0x000000076b180000)
  object space 175104K, 0% used [0x00000006c1400000,0x00000006c1400000,0x00000006cbf00000)
 Metaspace       used 20432K, capacity 21216K, committed 21248K, reserved 1067008K
  class space    used 2841K, capacity 3065K, committed 3072K, reserved 1048576K
Event: 7.933 GC heap after
Heap after GC invocations=1 (full 0):
 PSYoungGen      total 76288K, used 10748K [0x000000076b180000, 0x0000000770680000, 0x00000007c0000000)
  eden space 65536K, 0% used [0x000000076b180000,0x000000076b180000,0x000000076f180000)
  from space 10752K, 99% used [0x000000076f180000,0x000000076fbff370,0x000000076fc00000)
  to   space 10752K, 0% used [0x000000076fc00000,0x000000076fc00000,0x0000000770680000)
 ParOldGen       total 175104K, used 3909K [0x00000006c1400000, 0x00000006cbf00000, 0x000000076b180000)
  object space 175104K, 2% used [0x00000006c1400000,0x00000006c17d17b0,0x00000006cbf00000)
 Metaspace       used 20432K, capacity 21216K, committed 21248K, reserved 1067008K
  class space    used 2841K, capacity 3065K, committed 3072K, reserved 1048576K
}
Event: 7.933 GC heap before
{Heap before GC invocations=2 (full 1):
 PSYoungGen      total 76288K, used 10748K [0x000000076b180000, 0x0000000770680000, 0x00000007c0000000)
  eden space 65536K, 0% used [0x000000076b180000,0x000000076b180000,0x000000076f180000)
  from space 10752K, 99% used [0x000000076f180000,0x000000076fbff370,0x000000076fc00000)
  to   space 10752K, 0% used [0x000000076fc00000,0x000000076fc00000,0x0000000770680000)
 ParOldGen       total 175104K, used 3909K [0x00000006c1400000, 0x00000006cbf00000, 0x000000076b180000)
  object space 175104K, 2% used [0x00000006c1400000,0x00000006c17d17b0,0x00000006cbf00000)
 Metaspace       used 20432K, capacity 21216K, committed 21248K, reserved 1067008K
  class space    used 2841K, capacity 3065K, committed 3072K, reserved 1048576K
Event: 7.960 GC heap after
Heap after GC invocations=2 (full 1):
 PSYoungGen      total 76288K, used 0K [0x000000076b180000, 0x0000000770680000, 0x00000007c0000000)
  eden space 65536K, 0% used [0x000000076b180000,0x000000076b180000,0x000000076f180000)
  from space 10752K, 0% used [0x000000076f180000,0x000000076f180000,0x000000076fc00000)
  to   space 10752K, 0% used [0x000000076fc00000,0x000000076fc00000,0x0000000770680000)
 ParOldGen       total 81920K, used 12460K [0x00000006c1400000, 0x00000006c6400000, 0x000000076b180000)
  object space 81920K, 15% used [0x00000006c1400000,0x00000006c202b158,0x00000006c6400000)
 Metaspace       used 20432K, capacity 21216K, committed 21248K, reserved 1067008K
  class space    used 2841K, capacity 3065K, committed 3072K, reserved 1048576K
}

